  [1m[35m (6.7ms)[0m  [1m[35mCREATE TABLE "schema_migrations" ("version" character varying PRIMARY KEY)[0m
  [1m[35m (5.4ms)[0m  [1m[35mCREATE TABLE "ar_internal_metadata" ("key" character varying PRIMARY KEY, "value" character varying, "created_at" timestamp NOT NULL, "updated_at" timestamp NOT NULL)[0m
  [1m[35m (0.3ms)[0m  [1m[34mSELECT pg_try_advisory_lock(3179186961597889515);[0m
  [1m[36mActiveRecord::SchemaMigration Load (0.4ms)[0m  [1m[34mSELECT "schema_migrations".* FROM "schema_migrations"[0m
  [1m[36mActiveRecord::InternalMetadata Load (0.5ms)[0m  [1m[34mSELECT  "ar_internal_metadata".* FROM "ar_internal_metadata" WHERE "ar_internal_metadata"."key" = $1 LIMIT $2[0m  [["key", :environment], ["LIMIT", 1]]
  [1m[35m (0.2ms)[0m  [1m[35mBEGIN[0m
  [1m[35mSQL (0.4ms)[0m  [1m[32mINSERT INTO "ar_internal_metadata" ("key", "value", "created_at", "updated_at") VALUES ($1, $2, $3, $4) RETURNING "key"[0m  [["key", "environment"], ["value", "development"], ["created_at", 2017-01-04 23:12:31 UTC], ["updated_at", 2017-01-04 23:12:31 UTC]]
  [1m[35m (0.5ms)[0m  [1m[35mCOMMIT[0m
  [1m[35m (0.3ms)[0m  [1m[34mSELECT pg_advisory_unlock(3179186961597889515)[0m
  [1m[36mActiveRecord::SchemaMigration Load (0.3ms)[0m  [1m[34mSELECT "schema_migrations".* FROM "schema_migrations"[0m
  [1m[35m (0.2ms)[0m  [1m[34mSELECT pg_try_advisory_lock(3179186961597889515);[0m
  [1m[36mActiveRecord::SchemaMigration Load (0.6ms)[0m  [1m[34mSELECT "schema_migrations".* FROM "schema_migrations"[0m
Migrating to DeviseCreateUsers (20170103191203)
  [1m[35m (0.2ms)[0m  [1m[35mBEGIN[0m
  [1m[35m (23.1ms)[0m  [1m[35mCREATE TABLE "users" ("id" serial primary key, "email" character varying DEFAULT '' NOT NULL, "encrypted_password" character varying DEFAULT '' NOT NULL, "reset_password_token" character varying, "reset_password_sent_at" timestamp, "remember_created_at" timestamp, "sign_in_count" integer DEFAULT 0 NOT NULL, "current_sign_in_at" timestamp, "last_sign_in_at" timestamp, "current_sign_in_ip" character varying, "last_sign_in_ip" character varying, "created_at" timestamp NOT NULL, "updated_at" timestamp NOT NULL)[0m
  [1m[35m (3.6ms)[0m  [1m[35mCREATE UNIQUE INDEX  "index_users_on_email" ON "users"  ("email")[0m
  [1m[35m (1.5ms)[0m  [1m[35mCREATE UNIQUE INDEX  "index_users_on_reset_password_token" ON "users"  ("reset_password_token")[0m
  [1m[35mSQL (0.6ms)[0m  [1m[32mINSERT INTO "schema_migrations" ("version") VALUES ($1) RETURNING "version"[0m  [["version", "20170103191203"]]
  [1m[35m (1.8ms)[0m  [1m[35mCOMMIT[0m
Migrating to AddUsernameToUsers (20170103192357)
  [1m[35m (0.3ms)[0m  [1m[35mBEGIN[0m
  [1m[35m (6.5ms)[0m  [1m[35mALTER TABLE "users" ADD "username" character varying[0m
  [1m[35m (1.1ms)[0m  [1m[35mCREATE UNIQUE INDEX  "index_users_on_username" ON "users"  ("username")[0m
  [1m[35mSQL (0.4ms)[0m  [1m[32mINSERT INTO "schema_migrations" ("version") VALUES ($1) RETURNING "version"[0m  [["version", "20170103192357"]]
  [1m[35m (0.6ms)[0m  [1m[35mCOMMIT[0m
Migrating to CreateCities (20170103193701)
  [1m[35m (0.2ms)[0m  [1m[35mBEGIN[0m
  [1m[35m (6.6ms)[0m  [1m[35mCREATE TABLE "cities" ("id" serial primary key, "longitude" float, "lattitude" float, "name" character varying, "description" text, "address" character varying, "created_at" timestamp NOT NULL, "updated_at" timestamp NOT NULL)[0m
  [1m[35mSQL (0.4ms)[0m  [1m[32mINSERT INTO "schema_migrations" ("version") VALUES ($1) RETURNING "version"[0m  [["version", "20170103193701"]]
  [1m[35m (1.4ms)[0m  [1m[35mCOMMIT[0m
Migrating to CreatePosts (20170103193843)
  [1m[35m (0.3ms)[0m  [1m[35mBEGIN[0m
  [1m[35m (9.0ms)[0m  [1m[35mCREATE TABLE "posts" ("id" serial primary key, "text" character varying, "created_at" timestamp NOT NULL, "updated_at" timestamp NOT NULL)[0m
  [1m[35mSQL (0.6ms)[0m  [1m[32mINSERT INTO "schema_migrations" ("version") VALUES ($1) RETURNING "version"[0m  [["version", "20170103193843"]]
  [1m[35m (0.7ms)[0m  [1m[35mCOMMIT[0m
Migrating to CreateJoins (20170103193903)
  [1m[35m (0.5ms)[0m  [1m[35mBEGIN[0m
  [1m[35m (5.0ms)[0m  [1m[35mCREATE TABLE "joins" ("id" serial primary key, "created_at" timestamp NOT NULL, "updated_at" timestamp NOT NULL)[0m
  [1m[35mSQL (0.4ms)[0m  [1m[32mINSERT INTO "schema_migrations" ("version") VALUES ($1) RETURNING "version"[0m  [["version", "20170103193903"]]
  [1m[35m (0.5ms)[0m  [1m[35mCOMMIT[0m
Migrating to AddCityReferenceToPosts (20170103202312)
  [1m[35m (0.3ms)[0m  [1m[35mBEGIN[0m
  [1m[35m (0.4ms)[0m  [1m[35mALTER TABLE "posts" ADD "city_id" integer[0m
  [1m[35m (1.3ms)[0m  [1m[35mCREATE  INDEX  "index_posts_on_city_id" ON "posts"  ("city_id")[0m
  [1m[35m (11.8ms)[0m  [1m[35mALTER TABLE "posts" ADD CONSTRAINT "fk_rails_3e73622a21"
FOREIGN KEY ("city_id")
  REFERENCES "cities" ("id")
[0m
  [1m[35mSQL (0.4ms)[0m  [1m[32mINSERT INTO "schema_migrations" ("version") VALUES ($1) RETURNING "version"[0m  [["version", "20170103202312"]]
  [1m[35m (0.5ms)[0m  [1m[35mCOMMIT[0m
Migrating to AddAttachmentAvatarToUsers (20170103221046)
  [1m[35m (0.2ms)[0m  [1m[35mBEGIN[0m
DEPRECATION WARNING: Directly inheriting from ActiveRecord::Migration is deprecated. Please specify the Rails release the migration was written for:

  class AddAttachmentAvatarToUsers < ActiveRecord::Migration[4.2] (called from load at /Users/jonathanhall/.rvm/gems/ruby-2.3.0/bin/rake:23)
  [1m[35m (0.4ms)[0m  [1m[35mALTER TABLE "users" ADD "avatar_file_name" character varying[0m
  [1m[35m (0.3ms)[0m  [1m[35mALTER TABLE "users" ADD "avatar_content_type" character varying[0m
  [1m[35m (0.3ms)[0m  [1m[35mALTER TABLE "users" ADD "avatar_file_size" integer[0m
  [1m[35m (0.3ms)[0m  [1m[35mALTER TABLE "users" ADD "avatar_updated_at" timestamp[0m
  [1m[35mSQL (0.9ms)[0m  [1m[32mINSERT INTO "schema_migrations" ("version") VALUES ($1) RETURNING "version"[0m  [["version", "20170103221046"]]
  [1m[35m (0.9ms)[0m  [1m[35mCOMMIT[0m
Migrating to AddUserRefPosts (20170104173019)
  [1m[35m (0.4ms)[0m  [1m[35mBEGIN[0m
  [1m[35m (0.5ms)[0m  [1m[35mALTER TABLE "posts" ADD "user_id" integer[0m
  [1m[35m (1.7ms)[0m  [1m[35mCREATE  INDEX  "index_posts_on_user_id" ON "posts"  ("user_id")[0m
  [1m[35m (2.0ms)[0m  [1m[35mALTER TABLE "posts" ADD CONSTRAINT "fk_rails_5b5ddfd518"
FOREIGN KEY ("user_id")
  REFERENCES "users" ("id")
[0m
  [1m[35mSQL (0.4ms)[0m  [1m[32mINSERT INTO "schema_migrations" ("version") VALUES ($1) RETURNING "version"[0m  [["version", "20170104173019"]]
  [1m[35m (0.6ms)[0m  [1m[35mCOMMIT[0m
Migrating to AddPostRefUsers (20170104173222)
  [1m[35m (0.2ms)[0m  [1m[35mBEGIN[0m
  [1m[35m (0.5ms)[0m  [1m[35mALTER TABLE "users" ADD "post_id" integer[0m
  [1m[35m (1.3ms)[0m  [1m[35mCREATE  INDEX  "index_users_on_post_id" ON "users"  ("post_id")[0m
  [1m[35m (2.1ms)[0m  [1m[35mALTER TABLE "users" ADD CONSTRAINT "fk_rails_dc3b405a53"
FOREIGN KEY ("post_id")
  REFERENCES "posts" ("id")
[0m
  [1m[35mSQL (0.5ms)[0m  [1m[32mINSERT INTO "schema_migrations" ("version") VALUES ($1) RETURNING "version"[0m  [["version", "20170104173222"]]
  [1m[35m (0.6ms)[0m  [1m[35mCOMMIT[0m
Migrating to AddPostsRefCities (20170104175328)
  [1m[35m (0.2ms)[0m  [1m[35mBEGIN[0m
  [1m[35m (0.6ms)[0m  [1m[35mALTER TABLE "cities" ADD "post_id" integer[0m
  [1m[35m (1.5ms)[0m  [1m[35mCREATE  INDEX  "index_cities_on_post_id" ON "cities"  ("post_id")[0m
  [1m[35m (3.0ms)[0m  [1m[35mALTER TABLE "cities" ADD CONSTRAINT "fk_rails_486eb16a7b"
FOREIGN KEY ("post_id")
  REFERENCES "posts" ("id")
[0m
  [1m[35mSQL (0.4ms)[0m  [1m[32mINSERT INTO "schema_migrations" ("version") VALUES ($1) RETURNING "version"[0m  [["version", "20170104175328"]]
  [1m[35m (0.5ms)[0m  [1m[35mCOMMIT[0m
Migrating to AddAttachmentImageToCities (20170104190739)
  [1m[35m (0.2ms)[0m  [1m[35mBEGIN[0m
DEPRECATION WARNING: Directly inheriting from ActiveRecord::Migration is deprecated. Please specify the Rails release the migration was written for:

  class AddAttachmentImageToCities < ActiveRecord::Migration[4.2] (called from load at /Users/jonathanhall/.rvm/gems/ruby-2.3.0/bin/rake:23)
  [1m[35m (0.4ms)[0m  [1m[35mALTER TABLE "cities" ADD "image_file_name" character varying[0m
  [1m[35m (0.2ms)[0m  [1m[35mALTER TABLE "cities" ADD "image_content_type" character varying[0m
  [1m[35m (0.4ms)[0m  [1m[35mALTER TABLE "cities" ADD "image_file_size" integer[0m
  [1m[35m (0.5ms)[0m  [1m[35mALTER TABLE "cities" ADD "image_updated_at" timestamp[0m
  [1m[35mSQL (0.3ms)[0m  [1m[32mINSERT INTO "schema_migrations" ("version") VALUES ($1) RETURNING "version"[0m  [["version", "20170104190739"]]
  [1m[35m (0.6ms)[0m  [1m[35mCOMMIT[0m
  [1m[36mActiveRecord::InternalMetadata Load (0.3ms)[0m  [1m[34mSELECT  "ar_internal_metadata".* FROM "ar_internal_metadata" WHERE "ar_internal_metadata"."key" = $1 LIMIT $2[0m  [["key", :environment], ["LIMIT", 1]]
  [1m[35m (0.2ms)[0m  [1m[35mBEGIN[0m
  [1m[35m (0.2ms)[0m  [1m[35mCOMMIT[0m
  [1m[35m (0.3ms)[0m  [1m[34mSELECT pg_advisory_unlock(3179186961597889515)[0m
  [1m[36mActiveRecord::SchemaMigration Load (0.7ms)[0m  [1m[34mSELECT "schema_migrations".* FROM "schema_migrations"[0m
Started GET "/" for ::1 at 2017-01-04 15:33:52 -0800
Started GET "/" for ::1 at 2017-01-04 15:33:52 -0800
  [1m[36mActiveRecord::SchemaMigration Load (0.6ms)[0m  [1m[34mSELECT "schema_migrations".* FROM "schema_migrations"[0m
  [1m[36mActiveRecord::SchemaMigration Load (1.3ms)[0m  [1m[34mSELECT "schema_migrations".* FROM "schema_migrations"[0m
Started GET "/" for ::1 at 2017-01-04 15:36:32 -0800
  [1m[36mActiveRecord::SchemaMigration Load (0.5ms)[0m  [1m[34mSELECT "schema_migrations".* FROM "schema_migrations"[0m
Processing by HomesController#index as HTML
Completed 401 Unauthorized in 25ms (ActiveRecord: 0.0ms)


Started GET "/users/sign_in" for ::1 at 2017-01-04 15:36:32 -0800
Processing by Devise::SessionsController#new as HTML
  Rendering devise/sessions/new.html.erb within layouts/application
  Rendered devise/shared/_links.html.erb (1.6ms)
  Rendered devise/sessions/new.html.erb within layouts/application (30.0ms)
Completed 200 OK in 1205ms (Views: 1176.6ms | ActiveRecord: 6.8ms)


Started GET "/users/sign_up" for ::1 at 2017-01-04 15:36:58 -0800
Processing by Devise::RegistrationsController#new as HTML
  Rendering devise/registrations/new.html.erb within layouts/application
  Rendered devise/shared/_links.html.erb (1.9ms)
  Rendered devise/registrations/new.html.erb within layouts/application (14.0ms)
Completed 200 OK in 91ms (Views: 88.9ms | ActiveRecord: 0.0ms)


Started POST "/users" for ::1 at 2017-01-04 15:37:29 -0800
Processing by Devise::RegistrationsController#create as HTML
  Parameters: {"utf8"=>"✓", "authenticity_token"=>"ytZtM9sV3bfAGHiB2D4/nAsWgeUvsh7TV4IpohGhkCxofOs5BhNYXOwT5EVY7dKss9VE5QxTUli42u/QGosbPA==", "user"=>{"email"=>"emily@victory.com", "username"=>"emily", "password"=>"[FILTERED]", "password_confirmation"=>"[FILTERED]", "avatar"=>#<ActionDispatch::Http::UploadedFile:0x007f99eb94ca00 @tempfile=#<Tempfile:/var/folders/z_/r3z35pw909n4nx2p62sy6w640000gn/T/RackMultipart20170104-10489-ddfeql.jpg>, @original_filename="barr.jpg", @content_type="image/jpeg", @headers="Content-Disposition: form-data; name=\"user[avatar]\"; filename=\"barr.jpg\"\r\nContent-Type: image/jpeg\r\n">}, "commit"=>"Sign up"}
Unpermitted parameters: username, avatar
  [1m[35m (0.3ms)[0m  [1m[35mBEGIN[0m
  [1m[36mUser Exists (1.0ms)[0m  [1m[34mSELECT  1 AS one FROM "users" WHERE "users"."email" = $1 LIMIT $2[0m  [["email", "emily@victory.com"], ["LIMIT", 1]]
  [1m[35mSQL (1.5ms)[0m  [1m[32mINSERT INTO "users" ("email", "encrypted_password", "created_at", "updated_at") VALUES ($1, $2, $3, $4) RETURNING "id"[0m  [["email", "emily@victory.com"], ["encrypted_password", "$2a$11$xh9V/07dMaL/j5J/wXbVLOosU8ruglwtvQKw2hybJs5dmM2xaqu4K"], ["created_at", 2017-01-04 23:37:29 UTC], ["updated_at", 2017-01-04 23:37:29 UTC]]
  [1m[35m (1.8ms)[0m  [1m[35mCOMMIT[0m
  [1m[35m (0.2ms)[0m  [1m[35mBEGIN[0m
  [1m[35mSQL (3.8ms)[0m  [1m[33mUPDATE "users" SET "sign_in_count" = $1, "current_sign_in_at" = $2, "last_sign_in_at" = $3, "current_sign_in_ip" = $4, "last_sign_in_ip" = $5, "updated_at" = $6 WHERE "users"."id" = $7[0m  [["sign_in_count", 1], ["current_sign_in_at", 2017-01-04 23:37:29 UTC], ["last_sign_in_at", 2017-01-04 23:37:29 UTC], ["current_sign_in_ip", "::1"], ["last_sign_in_ip", "::1"], ["updated_at", 2017-01-04 23:37:29 UTC], ["id", 1]]
  [1m[35m (0.6ms)[0m  [1m[35mCOMMIT[0m
Redirected to http://localhost:3000/
Completed 302 Found in 340ms (ActiveRecord: 9.2ms)


Started GET "/" for ::1 at 2017-01-04 15:37:29 -0800
Processing by HomesController#index as HTML
  [1m[36mUser Load (0.7ms)[0m  [1m[34mSELECT  "users".* FROM "users" WHERE "users"."id" = $1 ORDER BY "users"."id" ASC LIMIT $2[0m  [["id", 1], ["LIMIT", 1]]
  [1m[36mCity Load (0.6ms)[0m  [1m[34mSELECT  "cities".* FROM "cities" WHERE "cities"."id" IS NULL LIMIT $1[0m  [["LIMIT", 1]]
  Rendering homes/index.html.erb within layouts/application
  [1m[36mPost Load (0.4ms)[0m  [1m[34mSELECT "posts".* FROM "posts" WHERE "posts"."user_id" = $1[0m  [["user_id", 1]]
  Rendered homes/index.html.erb within layouts/application (53.4ms)
Completed 200 OK in 137ms (Views: 116.6ms | ActiveRecord: 4.6ms)


Started GET "/users/edit" for ::1 at 2017-01-04 15:37:40 -0800
Processing by Devise::RegistrationsController#edit as HTML
  [1m[36mUser Load (0.6ms)[0m  [1m[34mSELECT  "users".* FROM "users" WHERE "users"."id" = $1 ORDER BY "users"."id" ASC LIMIT $2[0m  [["id", 1], ["LIMIT", 1]]
  Rendering devise/registrations/edit.html.erb within layouts/application
  Rendered devise/registrations/edit.html.erb within layouts/application (7.9ms)
Completed 200 OK in 72ms (Views: 65.9ms | ActiveRecord: 0.6ms)


Started POST "/users" for ::1 at 2017-01-04 15:38:28 -0800
Processing by Devise::RegistrationsController#create as HTML
  Parameters: {"utf8"=>"✓", "authenticity_token"=>"wnXXJTu2HqoDlLu/KrJv0t+UE1po2A8QKDUmoNya05R58jknfPgQEz9Hwy8hRE0gTM7hb80Gnk83omMBAbJy0w==", "user"=>{"email"=>"jon@1.com", "username"=>"blah", "password"=>"[FILTERED]", "password_confirmation"=>"[FILTERED]", "avatar"=>#<ActionDispatch::Http::UploadedFile:0x007f99f03cbb58 @tempfile=#<Tempfile:/var/folders/z_/r3z35pw909n4nx2p62sy6w640000gn/T/RackMultipart20170104-10489-1qb1dru.png>, @original_filename="Kings.png", @content_type="image/png", @headers="Content-Disposition: form-data; name=\"user[avatar]\"; filename=\"Kings.png\"\r\nContent-Type: image/png\r\n">}, "commit"=>"Sign up"}
  [1m[36mUser Load (0.5ms)[0m  [1m[34mSELECT  "users".* FROM "users" WHERE "users"."id" = $1 ORDER BY "users"."id" ASC LIMIT $2[0m  [["id", 1], ["LIMIT", 1]]
Redirected to http://localhost:3000/
Filter chain halted as :require_no_authentication rendered or redirected
Completed 302 Found in 4ms (ActiveRecord: 0.5ms)


Started GET "/" for ::1 at 2017-01-04 15:38:28 -0800
Processing by HomesController#index as HTML
  [1m[36mUser Load (0.5ms)[0m  [1m[34mSELECT  "users".* FROM "users" WHERE "users"."id" = $1 ORDER BY "users"."id" ASC LIMIT $2[0m  [["id", 1], ["LIMIT", 1]]
  [1m[36mCity Load (0.3ms)[0m  [1m[34mSELECT  "cities".* FROM "cities" WHERE "cities"."id" IS NULL LIMIT $1[0m  [["LIMIT", 1]]
  Rendering homes/index.html.erb within layouts/application
  [1m[36mPost Load (0.3ms)[0m  [1m[34mSELECT "posts".* FROM "posts" WHERE "posts"."user_id" = $1[0m  [["user_id", 1]]
  Rendered homes/index.html.erb within layouts/application (4.1ms)
Completed 200 OK in 48ms (Views: 41.8ms | ActiveRecord: 1.2ms)


Started GET "/" for ::1 at 2017-01-04 15:41:13 -0800
  [1m[36mActiveRecord::SchemaMigration Load (0.5ms)[0m  [1m[34mSELECT "schema_migrations".* FROM "schema_migrations"[0m
Processing by HomesController#index as HTML
  [1m[36mUser Load (1.6ms)[0m  [1m[34mSELECT  "users".* FROM "users" WHERE "users"."id" = $1 ORDER BY "users"."id" ASC LIMIT $2[0m  [["id", 1], ["LIMIT", 1]]
  [1m[36mCity Load (0.7ms)[0m  [1m[34mSELECT  "cities".* FROM "cities" WHERE "cities"."id" IS NULL LIMIT $1[0m  [["LIMIT", 1]]
  Rendering homes/index.html.erb within layouts/application
  [1m[36mPost Load (0.4ms)[0m  [1m[34mSELECT "posts".* FROM "posts" WHERE "posts"."user_id" = $1[0m  [["user_id", 1]]
  Rendered homes/index.html.erb within layouts/application (39.6ms)
Completed 200 OK in 407ms (Views: 345.7ms | ActiveRecord: 9.5ms)


Started GET "/cities/new" for ::1 at 2017-01-04 15:41:24 -0800
Processing by CitiesController#new as HTML
  Rendering cities/new.html.erb within layouts/application
  Rendered cities/_form.html.erb (66.4ms)
  Rendered cities/new.html.erb within layouts/application (69.7ms)
Completed 200 OK in 134ms (Views: 118.9ms | ActiveRecord: 2.1ms)


Started POST "/cities" for ::1 at 2017-01-04 15:41:41 -0800
Processing by CitiesController#create as HTML
  Parameters: {"utf8"=>"✓", "authenticity_token"=>"pTxtDFaPTKS4dNHOfeZzFoZTxI9i3dzIakr6sQ8l++4eu4MOEcFCHYSnqV52EFHkFQk2uscDTZd13b8Q0g1aqQ==", "city"=>{"lattitude"=>"", "longitude"=>"", "name"=>"Justin", "address"=>"LDLKJD", "description"=>"FLIJDDF", "image"=>#<ActionDispatch::Http::UploadedFile:0x007fd68fa94030 @tempfile=#<Tempfile:/var/folders/z_/r3z35pw909n4nx2p62sy6w640000gn/T/RackMultipart20170104-10619-2w4u2.jpg>, @original_filename="04049_sunsetatbigapple_2560x1600.jpg", @content_type="image/jpeg", @headers="Content-Disposition: form-data; name=\"city[image]\"; filename=\"04049_sunsetatbigapple_2560x1600.jpg\"\r\nContent-Type: image/jpeg\r\n">}, "commit"=>"Save City"}
Command :: file -b --mime '/var/folders/z_/r3z35pw909n4nx2p62sy6w640000gn/T/21a403437856deef3de4bf81cd0b98dc20170104-10619-w2kpx.jpg'
Command :: identify -format '%wx%h,%[exif:orientation]' '/var/folders/z_/r3z35pw909n4nx2p62sy6w640000gn/T/21a403437856deef3de4bf81cd0b98dc20170104-10619-1pkr5hx.jpg[0]' 2>/dev/null
Command :: identify -format %m '/var/folders/z_/r3z35pw909n4nx2p62sy6w640000gn/T/21a403437856deef3de4bf81cd0b98dc20170104-10619-1pkr5hx.jpg[0]'
Command :: convert '/var/folders/z_/r3z35pw909n4nx2p62sy6w640000gn/T/21a403437856deef3de4bf81cd0b98dc20170104-10619-1pkr5hx.jpg[0]' -auto-orient -resize "300x300>" '/var/folders/z_/r3z35pw909n4nx2p62sy6w640000gn/T/e6960a195646581227daa23c4f3d1c4e20170104-10619-1ut65qt'
Command :: identify -format '%wx%h,%[exif:orientation]' '/var/folders/z_/r3z35pw909n4nx2p62sy6w640000gn/T/21a403437856deef3de4bf81cd0b98dc20170104-10619-1pkr5hx.jpg[0]' 2>/dev/null
Command :: identify -format %m '/var/folders/z_/r3z35pw909n4nx2p62sy6w640000gn/T/21a403437856deef3de4bf81cd0b98dc20170104-10619-1pkr5hx.jpg[0]'
Command :: convert '/var/folders/z_/r3z35pw909n4nx2p62sy6w640000gn/T/21a403437856deef3de4bf81cd0b98dc20170104-10619-1pkr5hx.jpg[0]' -auto-orient -resize "1024x400>" '/var/folders/z_/r3z35pw909n4nx2p62sy6w640000gn/T/e6960a195646581227daa23c4f3d1c4e20170104-10619-1tt3kmv'
Command :: identify -format '%wx%h,%[exif:orientation]' '/var/folders/z_/r3z35pw909n4nx2p62sy6w640000gn/T/21a403437856deef3de4bf81cd0b98dc20170104-10619-1pkr5hx.jpg[0]' 2>/dev/null
Command :: identify -format %m '/var/folders/z_/r3z35pw909n4nx2p62sy6w640000gn/T/21a403437856deef3de4bf81cd0b98dc20170104-10619-1pkr5hx.jpg[0]'
Command :: convert '/var/folders/z_/r3z35pw909n4nx2p62sy6w640000gn/T/21a403437856deef3de4bf81cd0b98dc20170104-10619-1pkr5hx.jpg[0]' -auto-orient -resize "100x100>" '/var/folders/z_/r3z35pw909n4nx2p62sy6w640000gn/T/e6960a195646581227daa23c4f3d1c4e20170104-10619-1xvtzl8'
  [1m[35m (0.3ms)[0m  [1m[35mBEGIN[0m
Command :: file -b --mime '/var/folders/z_/r3z35pw909n4nx2p62sy6w640000gn/T/21a403437856deef3de4bf81cd0b98dc20170104-10619-j5bg6o.jpg'
  [1m[35mSQL (2.0ms)[0m  [1m[32mINSERT INTO "cities" ("name", "description", "address", "created_at", "updated_at", "image_file_name", "image_content_type", "image_file_size", "image_updated_at") VALUES ($1, $2, $3, $4, $5, $6, $7, $8, $9) RETURNING "id"[0m  [["name", "Justin"], ["description", "FLIJDDF"], ["address", "LDLKJD"], ["created_at", 2017-01-04 23:41:44 UTC], ["updated_at", 2017-01-04 23:41:44 UTC], ["image_file_name", "04049_sunsetatbigapple_2560x1600.jpg"], ["image_content_type", "image/jpeg"], ["image_file_size", 3958152], ["image_updated_at", 2017-01-04 23:41:41 UTC]]
  [1m[35m (6.3ms)[0m  [1m[35mCOMMIT[0m
Redirected to http://localhost:3000/cities/index
Completed 302 Found in 2923ms (ActiveRecord: 8.6ms)


Started GET "/cities/index" for ::1 at 2017-01-04 15:41:44 -0800
Processing by CitiesController#index as HTML
  Rendering cities/index.html.erb within layouts/application
  [1m[36mCity Load (0.4ms)[0m  [1m[34mSELECT "cities".* FROM "cities"[0m
  Rendered cities/index.html.erb within layouts/application (2.8ms)
Completed 200 OK in 86ms (Views: 82.7ms | ActiveRecord: 0.4ms)


Started GET "/cities/1" for ::1 at 2017-01-04 15:41:47 -0800
Processing by CitiesController#show as HTML
  Parameters: {"id"=>"1"}
  [1m[36mCity Load (0.3ms)[0m  [1m[34mSELECT  "cities".* FROM "cities" WHERE "cities"."id" = $1 LIMIT $2[0m  [["id", 1], ["LIMIT", 1]]
  Rendering cities/show.html.erb within layouts/application
  Rendered cities/show.html.erb within layouts/application (3.5ms)
Completed 200 OK in 75ms (Views: 69.2ms | ActiveRecord: 0.3ms)


  [1m[36mUser Load (0.8ms)[0m  [1m[34mSELECT  "users".* FROM "users" ORDER BY "users"."id" DESC LIMIT $1[0m  [["LIMIT", 1]]
Started DELETE "/users/sign_out" for ::1 at 2017-01-04 15:42:59 -0800
Processing by Devise::SessionsController#destroy as HTML
  Parameters: {"authenticity_token"=>"Dmio48mKtf9DX92W4za1RCzW2sYqbXPMUKvFtJWNDkO170bhjsS7Rn+MpQbowJe2v4wo84+z4pNPPIAVSKWvBA=="}
  [1m[36mUser Load (0.9ms)[0m  [1m[34mSELECT  "users".* FROM "users" WHERE "users"."id" = $1 ORDER BY "users"."id" ASC LIMIT $2[0m  [["id", 1], ["LIMIT", 1]]
  [1m[35m (0.2ms)[0m  [1m[35mBEGIN[0m
  [1m[35m (0.1ms)[0m  [1m[35mCOMMIT[0m
Redirected to http://localhost:3000/
Completed 302 Found in 13ms (ActiveRecord: 1.1ms)


Started GET "/" for ::1 at 2017-01-04 15:42:59 -0800
Processing by HomesController#index as HTML
Completed 401 Unauthorized in 6ms (ActiveRecord: 0.0ms)


Started GET "/users/sign_in" for ::1 at 2017-01-04 15:42:59 -0800
Processing by Devise::SessionsController#new as HTML
  Rendering devise/sessions/new.html.erb within layouts/application
  Rendered devise/shared/_links.html.erb (1.8ms)
  Rendered devise/sessions/new.html.erb within layouts/application (15.7ms)
Completed 200 OK in 86ms (Views: 82.2ms | ActiveRecord: 0.0ms)


Started GET "/users/sign_up" for ::1 at 2017-01-04 15:43:00 -0800
Processing by Devise::RegistrationsController#new as HTML
  Rendering devise/registrations/new.html.erb within layouts/application
  Rendered devise/shared/_links.html.erb (1.6ms)
  Rendered devise/registrations/new.html.erb within layouts/application (10.7ms)
Completed 200 OK in 89ms (Views: 87.0ms | ActiveRecord: 0.0ms)


Started POST "/users" for ::1 at 2017-01-04 15:43:26 -0800
Processing by Devise::RegistrationsController#create as HTML
  Parameters: {"utf8"=>"✓", "authenticity_token"=>"mH6bROMtQSVhB9sKcVbgOI1Onq6AMSYlJAvPZkIP4dIPBzkQzc2dOLe0qWb5/Jqp7mEI57VVjxF1bBXiIgWbhQ==", "user"=>{"email"=>"jon@we.com", "username"=>"jhall", "password"=>"[FILTERED]", "password_confirmation"=>"[FILTERED]", "avatar"=>#<ActionDispatch::Http::UploadedFile:0x007fd68f8e9410 @tempfile=#<Tempfile:/var/folders/z_/r3z35pw909n4nx2p62sy6w640000gn/T/RackMultipart20170104-10619-wr6w0i.jpg>, @original_filename="Bird.jpg", @content_type="image/jpeg", @headers="Content-Disposition: form-data; name=\"user[avatar]\"; filename=\"Bird.jpg\"\r\nContent-Type: image/jpeg\r\n">}, "commit"=>"Sign up"}
Unpermitted parameters: username, avatar
  [1m[35m (0.2ms)[0m  [1m[35mBEGIN[0m
  [1m[36mUser Exists (1.1ms)[0m  [1m[34mSELECT  1 AS one FROM "users" WHERE "users"."email" = $1 LIMIT $2[0m  [["email", "jon@we.com"], ["LIMIT", 1]]
  [1m[35mSQL (0.6ms)[0m  [1m[32mINSERT INTO "users" ("email", "encrypted_password", "created_at", "updated_at") VALUES ($1, $2, $3, $4) RETURNING "id"[0m  [["email", "jon@we.com"], ["encrypted_password", "$2a$11$DDmp3SQSkN/TIuERK5Oep.vWaB3aUP3QL7/M7C9Ljd9xGo7O7pD7e"], ["created_at", 2017-01-04 23:43:27 UTC], ["updated_at", 2017-01-04 23:43:27 UTC]]
  [1m[35m (2.0ms)[0m  [1m[35mCOMMIT[0m
  [1m[35m (0.3ms)[0m  [1m[35mBEGIN[0m
  [1m[35mSQL (0.6ms)[0m  [1m[33mUPDATE "users" SET "sign_in_count" = $1, "current_sign_in_at" = $2, "last_sign_in_at" = $3, "current_sign_in_ip" = $4, "last_sign_in_ip" = $5, "updated_at" = $6 WHERE "users"."id" = $7[0m  [["sign_in_count", 1], ["current_sign_in_at", 2017-01-04 23:43:27 UTC], ["last_sign_in_at", 2017-01-04 23:43:27 UTC], ["current_sign_in_ip", "::1"], ["last_sign_in_ip", "::1"], ["updated_at", 2017-01-04 23:43:27 UTC], ["id", 2]]
  [1m[35m (0.6ms)[0m  [1m[35mCOMMIT[0m
Redirected to http://localhost:3000/
Completed 302 Found in 258ms (ActiveRecord: 5.4ms)


Started GET "/" for ::1 at 2017-01-04 15:43:27 -0800
Processing by HomesController#index as HTML
  [1m[36mUser Load (0.6ms)[0m  [1m[34mSELECT  "users".* FROM "users" WHERE "users"."id" = $1 ORDER BY "users"."id" ASC LIMIT $2[0m  [["id", 2], ["LIMIT", 1]]
  [1m[36mCity Load (0.4ms)[0m  [1m[34mSELECT  "cities".* FROM "cities" WHERE "cities"."id" IS NULL LIMIT $1[0m  [["LIMIT", 1]]
  Rendering homes/index.html.erb within layouts/application
  [1m[36mPost Load (0.4ms)[0m  [1m[34mSELECT "posts".* FROM "posts" WHERE "posts"."user_id" = $1[0m  [["user_id", 2]]
  Rendered homes/index.html.erb within layouts/application (5.4ms)
Completed 200 OK in 65ms (Views: 57.5ms | ActiveRecord: 1.4ms)


Started DELETE "/users/sign_out" for ::1 at 2017-01-04 15:43:31 -0800
Processing by Devise::SessionsController#destroy as HTML
  Parameters: {"authenticity_token"=>"L2nYGYqsv3J9gFUhQOh4GOeaI2JKhNa2fZsJx1kc0WzD7Xszh8zYdZ8w1inGTUcWaxocNIBwKgX5/I/Q1nHUDg=="}
  [1m[36mUser Load (0.5ms)[0m  [1m[34mSELECT  "users".* FROM "users" WHERE "users"."id" = $1 ORDER BY "users"."id" ASC LIMIT $2[0m  [["id", 2], ["LIMIT", 1]]
  [1m[35m (1.1ms)[0m  [1m[35mBEGIN[0m
  [1m[35m (0.2ms)[0m  [1m[35mCOMMIT[0m
Redirected to http://localhost:3000/
Completed 302 Found in 10ms (ActiveRecord: 1.8ms)


Started GET "/" for ::1 at 2017-01-04 15:43:31 -0800
Processing by HomesController#index as HTML
Completed 401 Unauthorized in 1ms (ActiveRecord: 0.0ms)


Started GET "/users/sign_in" for ::1 at 2017-01-04 15:43:31 -0800
Processing by Devise::SessionsController#new as HTML
  Rendering devise/sessions/new.html.erb within layouts/application
  Rendered devise/shared/_links.html.erb (1.6ms)
  Rendered devise/sessions/new.html.erb within layouts/application (8.6ms)
Completed 200 OK in 53ms (Views: 51.7ms | ActiveRecord: 0.0ms)


Started POST "/users/sign_in" for ::1 at 2017-01-04 15:43:43 -0800
Processing by Devise::SessionsController#create as HTML
  Parameters: {"utf8"=>"✓", "authenticity_token"=>"XnGhmxjXd35dQJmri84zdqnEZiSBLux/F3lZNIys12AsIogglnWlf0d/cJE2yj9lqmwtNwt/tekqklF7OKmTIg==", "user"=>{"email"=>"jon@we.com", "password"=>"[FILTERED]", "remember_me"=>"0"}, "commit"=>"Log in"}
  [1m[36mUser Load (1.0ms)[0m  [1m[34mSELECT  "users".* FROM "users" WHERE "users"."email" = $1 ORDER BY "users"."id" ASC LIMIT $2[0m  [["email", "jon@we.com"], ["LIMIT", 1]]
  [1m[35m (0.2ms)[0m  [1m[35mBEGIN[0m
  [1m[35mSQL (0.4ms)[0m  [1m[33mUPDATE "users" SET "current_sign_in_at" = $1, "sign_in_count" = $2, "updated_at" = $3 WHERE "users"."id" = $4[0m  [["current_sign_in_at", 2017-01-04 23:43:43 UTC], ["sign_in_count", 2], ["updated_at", 2017-01-04 23:43:43 UTC], ["id", 2]]
  [1m[35m (1.9ms)[0m  [1m[35mCOMMIT[0m
Redirected to http://localhost:3000/
Completed 302 Found in 224ms (ActiveRecord: 3.5ms)


Started GET "/" for ::1 at 2017-01-04 15:43:43 -0800
Processing by HomesController#index as HTML
  [1m[36mUser Load (0.5ms)[0m  [1m[34mSELECT  "users".* FROM "users" WHERE "users"."id" = $1 ORDER BY "users"."id" ASC LIMIT $2[0m  [["id", 2], ["LIMIT", 1]]
  [1m[36mCity Load (0.4ms)[0m  [1m[34mSELECT  "cities".* FROM "cities" WHERE "cities"."id" IS NULL LIMIT $1[0m  [["LIMIT", 1]]
  Rendering homes/index.html.erb within layouts/application
  [1m[36mPost Load (0.3ms)[0m  [1m[34mSELECT "posts".* FROM "posts" WHERE "posts"."user_id" = $1[0m  [["user_id", 2]]
  Rendered homes/index.html.erb within layouts/application (3.3ms)
Completed 200 OK in 39ms (Views: 34.4ms | ActiveRecord: 1.3ms)


Started GET "/" for ::1 at 2017-01-04 15:47:52 -0800
  
SyntaxError (/Users/jonathanhall/wdi/Tipsy/app/controllers/application_controller.rb:11: syntax error, unexpected end-of-input, expecting keyword_end):
  
app/controllers/application_controller.rb:11: syntax error, unexpected end-of-input, expecting keyword_end
app/controllers/homes_controller.rb:1:in `<top (required)>'
  Rendering /Users/jonathanhall/.rvm/gems/ruby-2.3.0/gems/actionpack-5.0.1/lib/action_dispatch/middleware/templates/rescues/diagnostics.html.erb within rescues/layout
  Rendering /Users/jonathanhall/.rvm/gems/ruby-2.3.0/gems/actionpack-5.0.1/lib/action_dispatch/middleware/templates/rescues/_source.html.erb
  Rendered /Users/jonathanhall/.rvm/gems/ruby-2.3.0/gems/actionpack-5.0.1/lib/action_dispatch/middleware/templates/rescues/_source.html.erb (4.5ms)
  Rendering /Users/jonathanhall/.rvm/gems/ruby-2.3.0/gems/actionpack-5.0.1/lib/action_dispatch/middleware/templates/rescues/_trace.html.erb
  Rendered /Users/jonathanhall/.rvm/gems/ruby-2.3.0/gems/actionpack-5.0.1/lib/action_dispatch/middleware/templates/rescues/_trace.html.erb (2.0ms)
  Rendering /Users/jonathanhall/.rvm/gems/ruby-2.3.0/gems/actionpack-5.0.1/lib/action_dispatch/middleware/templates/rescues/_request_and_response.html.erb
  Rendered /Users/jonathanhall/.rvm/gems/ruby-2.3.0/gems/actionpack-5.0.1/lib/action_dispatch/middleware/templates/rescues/_request_and_response.html.erb (2.0ms)
  Rendered /Users/jonathanhall/.rvm/gems/ruby-2.3.0/gems/actionpack-5.0.1/lib/action_dispatch/middleware/templates/rescues/diagnostics.html.erb within rescues/layout (95.7ms)
Started GET "/" for ::1 at 2017-01-04 15:48:11 -0800
Processing by HomesController#index as HTML
  [1m[36mUser Load (0.4ms)[0m  [1m[34mSELECT  "users".* FROM "users" WHERE "users"."id" = $1 ORDER BY "users"."id" ASC LIMIT $2[0m  [["id", 2], ["LIMIT", 1]]
  [1m[36mCity Load (0.5ms)[0m  [1m[34mSELECT  "cities".* FROM "cities" WHERE "cities"."id" IS NULL LIMIT $1[0m  [["LIMIT", 1]]
  Rendering homes/index.html.erb within layouts/application
  [1m[36mPost Load (0.3ms)[0m  [1m[34mSELECT "posts".* FROM "posts" WHERE "posts"."user_id" = $1[0m  [["user_id", 2]]
  Rendered homes/index.html.erb within layouts/application (11.2ms)
Completed 200 OK in 95ms (Views: 59.7ms | ActiveRecord: 7.6ms)


Started DELETE "/users/sign_out" for ::1 at 2017-01-04 15:48:14 -0800
Processing by Devise::SessionsController#destroy as HTML
  Parameters: {"authenticity_token"=>"ABw5UKxbWPNS2RGrysmrmIoDgksWYp8Kpnte0IM/PcdqbrlVWMTOyaCdZgDg77cC824LWLj02MVE1IK83tCIeg=="}
  [1m[36mUser Load (0.5ms)[0m  [1m[34mSELECT  "users".* FROM "users" WHERE "users"."id" = $1 ORDER BY "users"."id" ASC LIMIT $2[0m  [["id", 2], ["LIMIT", 1]]
  [1m[35m (0.2ms)[0m  [1m[35mBEGIN[0m
  [1m[35m (0.2ms)[0m  [1m[35mCOMMIT[0m
Redirected to http://localhost:3000/
Completed 302 Found in 6ms (ActiveRecord: 0.9ms)


Started GET "/" for ::1 at 2017-01-04 15:48:14 -0800
Processing by HomesController#index as HTML
Completed 401 Unauthorized in 1ms (ActiveRecord: 0.0ms)


Started GET "/users/sign_in" for ::1 at 2017-01-04 15:48:14 -0800
Processing by Devise::SessionsController#new as HTML
  Rendering devise/sessions/new.html.erb within layouts/application
  Rendered devise/shared/_links.html.erb (2.1ms)
  Rendered devise/sessions/new.html.erb within layouts/application (7.3ms)
Completed 200 OK in 48ms (Views: 47.0ms | ActiveRecord: 0.0ms)


Started GET "/users/sign_up" for ::1 at 2017-01-04 15:48:17 -0800
Processing by Devise::RegistrationsController#new as HTML
  Rendering devise/registrations/new.html.erb within layouts/application
  Rendered devise/shared/_links.html.erb (2.3ms)
  Rendered devise/registrations/new.html.erb within layouts/application (9.0ms)
Completed 200 OK in 50ms (Views: 47.8ms | ActiveRecord: 0.0ms)


Started POST "/users" for ::1 at 2017-01-04 15:48:46 -0800
Processing by Devise::RegistrationsController#create as HTML
  Parameters: {"utf8"=>"✓", "authenticity_token"=>"6HU7KGCA7eVkp8K2u3m75m0/Dhxnz9sLAeoCTb4uuF6g5ZARE9iuDYNnPLQFXP0eXt86WpKnZ3G4c4AbYgAgDw==", "user"=>{"email"=>"kyle@winner.com", "username"=>"Kyle1", "password"=>"[FILTERED]", "password_confirmation"=>"[FILTERED]", "avatar"=>#<ActionDispatch::Http::UploadedFile:0x007fd68ca783d8 @tempfile=#<Tempfile:/var/folders/z_/r3z35pw909n4nx2p62sy6w640000gn/T/RackMultipart20170104-10619-18pp2x1.jpg>, @original_filename="Bird.jpg", @content_type="image/jpeg", @headers="Content-Disposition: form-data; name=\"user[avatar]\"; filename=\"Bird.jpg\"\r\nContent-Type: image/jpeg\r\n">}, "commit"=>"Sign up"}
Command :: file -b --mime '/var/folders/z_/r3z35pw909n4nx2p62sy6w640000gn/T/ebe418ae757b121b0d636041981fc1d120170104-10619-utts3k.jpg'
Command :: identify -format '%wx%h,%[exif:orientation]' '/var/folders/z_/r3z35pw909n4nx2p62sy6w640000gn/T/ebe418ae757b121b0d636041981fc1d120170104-10619-6x2pb.jpg[0]' 2>/dev/null
Command :: identify -format %m '/var/folders/z_/r3z35pw909n4nx2p62sy6w640000gn/T/ebe418ae757b121b0d636041981fc1d120170104-10619-6x2pb.jpg[0]'
Command :: convert '/var/folders/z_/r3z35pw909n4nx2p62sy6w640000gn/T/ebe418ae757b121b0d636041981fc1d120170104-10619-6x2pb.jpg[0]' -auto-orient -resize "300x300>" '/var/folders/z_/r3z35pw909n4nx2p62sy6w640000gn/T/2550d24e42818469922e3067d21e3ab620170104-10619-eycv7e'
Command :: identify -format '%wx%h,%[exif:orientation]' '/var/folders/z_/r3z35pw909n4nx2p62sy6w640000gn/T/ebe418ae757b121b0d636041981fc1d120170104-10619-6x2pb.jpg[0]' 2>/dev/null
Command :: identify -format %m '/var/folders/z_/r3z35pw909n4nx2p62sy6w640000gn/T/ebe418ae757b121b0d636041981fc1d120170104-10619-6x2pb.jpg[0]'
Command :: convert '/var/folders/z_/r3z35pw909n4nx2p62sy6w640000gn/T/ebe418ae757b121b0d636041981fc1d120170104-10619-6x2pb.jpg[0]' -auto-orient -resize "100x100>" '/var/folders/z_/r3z35pw909n4nx2p62sy6w640000gn/T/2550d24e42818469922e3067d21e3ab620170104-10619-1rej446'
  [1m[35m (0.3ms)[0m  [1m[35mBEGIN[0m
  [1m[36mUser Exists (0.4ms)[0m  [1m[34mSELECT  1 AS one FROM "users" WHERE "users"."email" = $1 LIMIT $2[0m  [["email", "kyle@winner.com"], ["LIMIT", 1]]
Command :: file -b --mime '/var/folders/z_/r3z35pw909n4nx2p62sy6w640000gn/T/ebe418ae757b121b0d636041981fc1d120170104-10619-chxu8f.jpg'
  [1m[35mSQL (0.6ms)[0m  [1m[32mINSERT INTO "users" ("email", "encrypted_password", "created_at", "updated_at", "username", "avatar_file_name", "avatar_content_type", "avatar_file_size", "avatar_updated_at") VALUES ($1, $2, $3, $4, $5, $6, $7, $8, $9) RETURNING "id"[0m  [["email", "kyle@winner.com"], ["encrypted_password", "$2a$11$RM4u240ROj9jHa2oDybPgejUSI42nrXCG04.i2si7Ebhumg6iWbaq"], ["created_at", 2017-01-04 23:48:47 UTC], ["updated_at", 2017-01-04 23:48:47 UTC], ["username", "Kyle1"], ["avatar_file_name", "Bird.jpg"], ["avatar_content_type", "image/jpeg"], ["avatar_file_size", 152098], ["avatar_updated_at", 2017-01-04 23:48:46 UTC]]
  [1m[35m (6.0ms)[0m  [1m[35mCOMMIT[0m
  [1m[35m (0.1ms)[0m  [1m[35mBEGIN[0m
  [1m[35mSQL (0.4ms)[0m  [1m[33mUPDATE "users" SET "sign_in_count" = $1, "current_sign_in_at" = $2, "last_sign_in_at" = $3, "current_sign_in_ip" = $4, "last_sign_in_ip" = $5, "updated_at" = $6 WHERE "users"."id" = $7[0m  [["sign_in_count", 1], ["current_sign_in_at", 2017-01-04 23:48:47 UTC], ["last_sign_in_at", 2017-01-04 23:48:47 UTC], ["current_sign_in_ip", "::1"], ["last_sign_in_ip", "::1"], ["updated_at", 2017-01-04 23:48:47 UTC], ["id", 3]]
  [1m[35m (0.5ms)[0m  [1m[35mCOMMIT[0m
Redirected to http://localhost:3000/
Completed 302 Found in 666ms (ActiveRecord: 8.4ms)


Started GET "/" for ::1 at 2017-01-04 15:48:47 -0800
Processing by HomesController#index as HTML
  [1m[36mUser Load (0.5ms)[0m  [1m[34mSELECT  "users".* FROM "users" WHERE "users"."id" = $1 ORDER BY "users"."id" ASC LIMIT $2[0m  [["id", 3], ["LIMIT", 1]]
  [1m[36mCity Load (0.4ms)[0m  [1m[34mSELECT  "cities".* FROM "cities" WHERE "cities"."id" IS NULL LIMIT $1[0m  [["LIMIT", 1]]
  Rendering homes/index.html.erb within layouts/application
  [1m[36mPost Load (0.3ms)[0m  [1m[34mSELECT "posts".* FROM "posts" WHERE "posts"."user_id" = $1[0m  [["user_id", 3]]
  Rendered homes/index.html.erb within layouts/application (4.9ms)
Completed 200 OK in 51ms (Views: 45.0ms | ActiveRecord: 1.1ms)


Started GET "/cities/index" for ::1 at 2017-01-04 15:49:02 -0800
Processing by CitiesController#index as HTML
  Rendering cities/index.html.erb within layouts/application
  [1m[36mCity Load (0.4ms)[0m  [1m[34mSELECT "cities".* FROM "cities"[0m
  Rendered cities/index.html.erb within layouts/application (16.9ms)
Completed 200 OK in 61ms (Views: 52.8ms | ActiveRecord: 2.2ms)


Started GET "/cities/1" for ::1 at 2017-01-04 15:49:07 -0800
Processing by CitiesController#show as HTML
  Parameters: {"id"=>"1"}
  [1m[36mCity Load (0.3ms)[0m  [1m[34mSELECT  "cities".* FROM "cities" WHERE "cities"."id" = $1 LIMIT $2[0m  [["id", 1], ["LIMIT", 1]]
  Rendering cities/show.html.erb within layouts/application
  Rendered cities/show.html.erb within layouts/application (2.2ms)
Completed 200 OK in 48ms (Views: 39.7ms | ActiveRecord: 0.3ms)


Started GET "/cities/1/posts" for ::1 at 2017-01-04 15:49:12 -0800
Processing by PostsController#index as HTML
  Parameters: {"city_id"=>"1"}
  [1m[36mUser Load (0.9ms)[0m  [1m[34mSELECT  "users".* FROM "users" WHERE "users"."id" = $1 ORDER BY "users"."id" ASC LIMIT $2[0m  [["id", 3], ["LIMIT", 1]]
  [1m[36mCity Load (0.4ms)[0m  [1m[34mSELECT  "cities".* FROM "cities" WHERE "cities"."id" = $1 LIMIT $2[0m  [["id", 1], ["LIMIT", 1]]
  Rendering posts/index.html.erb within layouts/application
  [1m[36mPost Load (0.3ms)[0m  [1m[34mSELECT "posts".* FROM "posts" WHERE "posts"."city_id" = $1[0m  [["city_id", 1]]
  Rendered posts/index.html.erb within layouts/application (7.9ms)
Completed 200 OK in 50ms (Views: 41.8ms | ActiveRecord: 1.5ms)


Started GET "/cities/1/posts/new" for ::1 at 2017-01-04 15:49:14 -0800
Processing by PostsController#new as HTML
  Parameters: {"city_id"=>"1"}
  [1m[36mUser Load (0.6ms)[0m  [1m[34mSELECT  "users".* FROM "users" WHERE "users"."id" = $1 ORDER BY "users"."id" ASC LIMIT $2[0m  [["id", 3], ["LIMIT", 1]]
  [1m[36mCity Load (0.4ms)[0m  [1m[34mSELECT  "cities".* FROM "cities" WHERE "cities"."id" = $1 LIMIT $2[0m  [["id", 1], ["LIMIT", 1]]
  Rendering posts/new.html.erb within layouts/application
  Rendered posts/_form.html.erb (3.1ms)
  Rendered posts/new.html.erb within layouts/application (6.3ms)
Completed 200 OK in 74ms (Views: 56.6ms | ActiveRecord: 3.6ms)


Started POST "/cities/1/posts" for ::1 at 2017-01-04 15:49:19 -0800
Processing by PostsController#create as HTML
  Parameters: {"utf8"=>"✓", "authenticity_token"=>"dGXZauDRZkhC1LOuy/dgWAh0MExH23FBdaHABu6w9wQ4O+hbghaAez89ok2L0flqLChiLpGQPFI4ehpmqkiTuQ==", "post"=>{"text"=>"Who is Justin"}, "commit"=>"Save Post", "city_id"=>"1"}
  [1m[36mUser Load (0.7ms)[0m  [1m[34mSELECT  "users".* FROM "users" WHERE "users"."id" = $1 ORDER BY "users"."id" ASC LIMIT $2[0m  [["id", 3], ["LIMIT", 1]]
  [1m[36mCity Load (0.4ms)[0m  [1m[34mSELECT  "cities".* FROM "cities" WHERE "cities"."id" = $1 LIMIT $2[0m  [["id", 1], ["LIMIT", 1]]
  [1m[35m (0.2ms)[0m  [1m[35mBEGIN[0m
  [1m[35mSQL (9.9ms)[0m  [1m[32mINSERT INTO "posts" ("text", "created_at", "updated_at", "user_id") VALUES ($1, $2, $3, $4) RETURNING "id"[0m  [["text", "Who is Justin"], ["created_at", 2017-01-04 23:49:19 UTC], ["updated_at", 2017-01-04 23:49:19 UTC], ["user_id", 3]]
  [1m[35m (1.1ms)[0m  [1m[35mCOMMIT[0m
  [1m[35m (0.2ms)[0m  [1m[35mBEGIN[0m
  [1m[35mSQL (2.5ms)[0m  [1m[33mUPDATE "posts" SET "updated_at" = $1, "city_id" = $2 WHERE "posts"."id" = $3[0m  [["updated_at", 2017-01-04 23:49:19 UTC], ["city_id", 1], ["id", 1]]
  [1m[35m (0.6ms)[0m  [1m[35mCOMMIT[0m
  [1m[35m (0.3ms)[0m  [1m[35mBEGIN[0m
  [1m[35m (0.2ms)[0m  [1m[35mCOMMIT[0m
Redirected to http://localhost:3000/cities/1/posts.1
Completed 302 Found in 50ms (ActiveRecord: 15.9ms)


Started GET "/cities/1/posts.1" for ::1 at 2017-01-04 15:49:19 -0800
Processing by PostsController#index as 
  Parameters: {"city_id"=>"1"}
  [1m[36mUser Load (0.5ms)[0m  [1m[34mSELECT  "users".* FROM "users" WHERE "users"."id" = $1 ORDER BY "users"."id" ASC LIMIT $2[0m  [["id", 3], ["LIMIT", 1]]
  [1m[36mCity Load (0.3ms)[0m  [1m[34mSELECT  "cities".* FROM "cities" WHERE "cities"."id" = $1 LIMIT $2[0m  [["id", 1], ["LIMIT", 1]]
  Rendering posts/index.html.erb within layouts/application
  [1m[36mPost Load (0.4ms)[0m  [1m[34mSELECT "posts".* FROM "posts" WHERE "posts"."city_id" = $1[0m  [["city_id", 1]]
  [1m[36mUser Load (0.3ms)[0m  [1m[34mSELECT  "users".* FROM "users" WHERE "users"."id" = $1 LIMIT $2[0m  [["id", 3], ["LIMIT", 1]]
  Rendered posts/index.html.erb within layouts/application (6.9ms)
Completed 200 OK in 79ms (Views: 57.2ms | ActiveRecord: 1.5ms)


Started GET "/homes/index" for ::1 at 2017-01-04 15:49:25 -0800
Processing by HomesController#index as HTML
  [1m[36mUser Load (0.4ms)[0m  [1m[34mSELECT  "users".* FROM "users" WHERE "users"."id" = $1 ORDER BY "users"."id" ASC LIMIT $2[0m  [["id", 3], ["LIMIT", 1]]
  [1m[36mCity Load (0.7ms)[0m  [1m[34mSELECT  "cities".* FROM "cities" WHERE "cities"."id" IS NULL LIMIT $1[0m  [["LIMIT", 1]]
  Rendering homes/index.html.erb within layouts/application
  [1m[36mPost Load (0.4ms)[0m  [1m[34mSELECT "posts".* FROM "posts" WHERE "posts"."user_id" = $1[0m  [["user_id", 3]]
  [1m[36mCity Load (0.2ms)[0m  [1m[34mSELECT  "cities".* FROM "cities" WHERE "cities"."id" = $1 LIMIT $2[0m  [["id", 1], ["LIMIT", 1]]
  Rendered homes/index.html.erb within layouts/application (8.6ms)
Completed 200 OK in 56ms (Views: 48.1ms | ActiveRecord: 1.8ms)


  [1m[35m (0.2ms)[0m  [1m[34mSELECT pg_try_advisory_lock(3179186961597889515);[0m
  [1m[36mActiveRecord::SchemaMigration Load (0.6ms)[0m  [1m[34mSELECT "schema_migrations".* FROM "schema_migrations"[0m
  [1m[36mActiveRecord::InternalMetadata Load (0.8ms)[0m  [1m[34mSELECT  "ar_internal_metadata".* FROM "ar_internal_metadata" WHERE "ar_internal_metadata"."key" = $1 LIMIT $2[0m  [["key", :environment], ["LIMIT", 1]]
  [1m[35m (0.1ms)[0m  [1m[35mBEGIN[0m
  [1m[35m (0.1ms)[0m  [1m[35mCOMMIT[0m
  [1m[35m (0.2ms)[0m  [1m[34mSELECT pg_advisory_unlock(3179186961597889515)[0m
  [1m[36mActiveRecord::SchemaMigration Load (0.2ms)[0m  [1m[34mSELECT "schema_migrations".* FROM "schema_migrations"[0m
Started GET "/" for ::1 at 2017-01-04 16:05:29 -0800
  [1m[36mActiveRecord::SchemaMigration Load (1.0ms)[0m  [1m[34mSELECT "schema_migrations".* FROM "schema_migrations"[0m
Processing by HomesController#index as HTML
  [1m[36mUser Load (1.0ms)[0m  [1m[34mSELECT  "users".* FROM "users" WHERE "users"."id" = $1 ORDER BY "users"."id" ASC LIMIT $2[0m  [["id", 3], ["LIMIT", 1]]
  [1m[36mCity Load (0.6ms)[0m  [1m[34mSELECT  "cities".* FROM "cities" WHERE "cities"."id" IS NULL LIMIT $1[0m  [["LIMIT", 1]]
  Rendering homes/index.html.erb within layouts/application
  [1m[36mPost Load (0.4ms)[0m  [1m[34mSELECT "posts".* FROM "posts" WHERE "posts"."user_id" = $1[0m  [["user_id", 3]]
  [1m[36mCity Load (0.3ms)[0m  [1m[34mSELECT  "cities".* FROM "cities" WHERE "cities"."id" = $1 LIMIT $2[0m  [["id", 1], ["LIMIT", 1]]
  Rendered homes/index.html.erb within layouts/application (69.3ms)
Completed 200 OK in 449ms (Views: 380.3ms | ActiveRecord: 13.0ms)


Started GET "/cities/index" for ::1 at 2017-01-04 16:05:58 -0800
Processing by CitiesController#index as HTML
  Rendering cities/index.html.erb within layouts/application
  [1m[36mCity Load (0.6ms)[0m  [1m[34mSELECT "cities".* FROM "cities"[0m
  Rendered cities/index.html.erb within layouts/application (3.3ms)
Completed 200 OK in 90ms (Views: 85.0ms | ActiveRecord: 0.6ms)


Started GET "/cities/1" for ::1 at 2017-01-04 16:06:01 -0800
Processing by CitiesController#show as HTML
  Parameters: {"id"=>"1"}
  [1m[36mCity Load (0.3ms)[0m  [1m[34mSELECT  "cities".* FROM "cities" WHERE "cities"."id" = $1 LIMIT $2[0m  [["id", 1], ["LIMIT", 1]]
  Rendering cities/show.html.erb within layouts/application
  Rendered cities/show.html.erb within layouts/application (2.5ms)
Completed 200 OK in 63ms (Views: 58.2ms | ActiveRecord: 0.3ms)


Started GET "/cities/1" for ::1 at 2017-01-04 16:15:56 -0800
  [1m[36mActiveRecord::SchemaMigration Load (0.6ms)[0m  [1m[34mSELECT "schema_migrations".* FROM "schema_migrations"[0m
Processing by CitiesController#show as HTML
  Parameters: {"id"=>"1"}
  [1m[36mCity Load (0.6ms)[0m  [1m[34mSELECT  "cities".* FROM "cities" WHERE "cities"."id" = $1 LIMIT $2[0m  [["id", 1], ["LIMIT", 1]]
  Rendering cities/show.html.erb within layouts/application
  Rendered cities/show.html.erb within layouts/application (9.7ms)
Completed 200 OK in 362ms (Views: 314.5ms | ActiveRecord: 5.0ms)


